<?xml version="1.0" encoding="UTF-8"?>
<testsuite xmlns:xsi="http://www.w3.org/2001/XMLSchema-instance" xsi:noNamespaceSchemaLocation="https://maven.apache.org/surefire/maven-surefire-plugin/xsd/surefire-test-report-3.0.xsd" version="3.0" name="com.example.feignclientexample.web.TodoControllerTest" time="4.39" tests="1" errors="0" skipped="0" failures="0">
  <properties>
[...]
</properties>
  <testcase name="shouldProxyTodoRequestsThroughFeign" classname="com.example.feignclientexample.web.TodoControllerTest" time="1.206">
    <system-out><![CDATA[20:02:46.568 [main] INFO org.springframework.test.context.support.AnnotationConfigContextLoaderUtils -- Could not detect default configuration classes for test class [com.example.feignclientexample.web.TodoControllerTest]: TodoControllerTest does not declare any static, non-private, non-final, nested classes annotated with @Configuration.
20:02:46.679 [main] INFO org.springframework.boot.test.context.SpringBootTestContextBootstrapper -- Found @SpringBootConfiguration com.example.feignclientexample.FeignClientExampleApplication for test class com.example.feignclientexample.web.TodoControllerTest

  .   ____          _            __ _ _
 /\\ / ___'_ __ _ _(_)_ __  __ _ \ \ \ \
( ( )\___ | '_ | '_| | '_ \/ _` | \ \ \ \
 \\/  ___)| |_)| | | | | || (_| |  ) ) ) )
  '  |____| .__|_| |_|_| |_\__, | / / / /
 =========|_|==============|___/=/_/_/_/

 :: Spring Boot ::                (v3.3.4)

2026-09-10T20:02:47.362Z  INFO 5257 --- [feign-client-example] [           main] c.e.f.web.TodoControllerTest             : Starting TodoControllerTest using Java 17.0.20.1 with PID 5257 (started by runner in /home/runner/work/feign-client-example/feign-client-example)
2026-09-10T20:02:47.363Z  INFO 5257 --- [feign-client-example] [           main] c.e.f.web.TodoControllerTest             : No active profile set, falling back to 1 default profile: "default"
2026-09-10T20:02:48.221Z  INFO 5257 --- [feign-client-example] [           main] o.s.cloud.context.scope.GenericScope     : BeanFactory id=405f6a8c-51a8-3620-9274-22bb534c0e8d
2026-09-10T20:02:48.689Z  INFO 5257 --- [feign-client-example] [           main] o.s.b.w.embedded.tomcat.TomcatWebServer  : Tomcat initialized with port 0 (http)
2026-09-10T20:02:48.718Z  INFO 5257 --- [feign-client-example] [           main] o.apache.catalina.core.StandardService   : Starting service [Tomcat]
2026-09-10T20:02:48.718Z  INFO 5257 --- [feign-client-example] [           main] o.apache.catalina.core.StandardEngine    : Starting Servlet engine: [Apache Tomcat/10.1.30]
2026-09-10T20:02:48.776Z  INFO 5257 --- [feign-client-example] [           main] o.a.c.c.C.[Tomcat].[localhost].[/]       : Initializing Spring embedded WebApplicationContext
2026-09-10T20:02:48.778Z  INFO 5257 --- [feign-client-example] [           main] w.s.c.ServletWebServerApplicationContext : Root WebApplicationContext: initialization completed in 1394 ms
2026-09-10T20:02:49.533Z  INFO 5257 --- [feign-client-example] [           main] o.s.b.w.embedded.tomcat.TomcatWebServer  : Tomcat started on port 39611 (http) with context path '/'
2026-09-10T20:02:49.547Z  INFO 5257 --- [feign-client-example] [           main] c.e.f.web.TodoControllerTest             : Started TodoControllerTest in 2.646 seconds (process running for 4.039)
2026-09-10T20:02:50.580Z  INFO 5257 --- [feign-client-example] [o-auto-1-exec-1] o.a.c.c.C.[Tomcat].[localhost].[/]       : Initializing Spring DispatcherServlet 'dispatcherServlet'
2026-09-10T20:02:50.581Z  INFO 5257 --- [feign-client-example] [o-auto-1-exec-1] o.s.web.servlet.DispatcherServlet        : Initializing Servlet 'dispatcherServlet'
2026-09-10T20:02:50.582Z  INFO 5257 --- [feign-client-example] [o-auto-1-exec-1] o.s.web.servlet.DispatcherServlet        : Completed initialization in 1 ms
]]></system-out>
  </testcase>
</testsuite>