<?xml version="1.0" encoding="UTF-8"?>
<testsuite xmlns:xsi="http://www.w3.org/2001/XMLSchema-instance" xsi:noNamespaceSchemaLocation="https://maven.apache.org/surefire/maven-surefire-plugin/xsd/surefire-test-report.xsd" version="3.0.2" name="io.github.vcarrin1.feignclientexample.FeignClientExampleApplicationTests" time="2.49" tests="1" errors="0" skipped="0" failures="0">
  <properties>
[...]
</properties>
  <testcase name="contextLoads" classname="io.github.vcarrin1.feignclientexample.FeignClientExampleApplicationTests" time="0.731">
    <system-out><![CDATA[20:03:43.404 [main] INFO org.springframework.test.context.support.AnnotationConfigContextLoaderUtils -- Could not detect default configuration classes for test class [io.github.vcarrin1.feignclientexample.FeignClientExampleApplicationTests]: FeignClientExampleApplicationTests does not declare any static, non-private, non-final, nested classes annotated with @Configuration.
20:03:43.500 [main] INFO org.springframework.boot.test.context.SpringBootTestContextBootstrapper -- Found @SpringBootConfiguration io.github.vcarrin1.feignclientexample.FeignClientExampleApplication for test class io.github.vcarrin1.feignclientexample.FeignClientExampleApplicationTests

  .   ____          _            __ _ _
 /\\ / ___'_ __ _ _(_)_ __  __ _ \ \ \ \
( ( )\___ | '_ | '_| | '_ \/ _` | \ \ \ \
 \\/  ___)| |_)| | | | | || (_| |  ) ) ) )
  '  |____| .__|_| |_|_| |_\__, | / / / /
 =========|_|==============|___/=/_/_/_/

 :: Spring Boot ::                (v3.5.6)

2026-09-10T20:03:44.061Z  INFO 5394 --- [feign-client-example] [           main] g.v.f.FeignClientExampleApplicationTests : Starting FeignClientExampleApplicationTests using Java 25.0.4.1 with PID 5394 (started by runner in /home/runner/work/feign-client-example/feign-client-example)
2026-09-10T20:03:44.062Z  INFO 5394 --- [feign-client-example] [           main] g.v.f.FeignClientExampleApplicationTests : No active profile set, falling back to 1 default profile: "default"
2026-09-10T20:03:45.023Z  INFO 5394 --- [feign-client-example] [           main] g.v.f.FeignClientExampleApplicationTests : Started FeignClientExampleApplicationTests in 1.359 seconds (process running for 2.343)
]]></system-out>
    <system-err><![CDATA[Mockito is currently self-attaching to enable the inline-mock-maker. This will no longer work in future releases of the JDK. Please add Mockito as an agent to your build as described in Mockito's documentation: https://javadoc.io/doc/org.mockito/mockito-core/latest/org.mockito/org/mockito/Mockito.html#0.3
WARNING: A Java agent has been loaded dynamically (/home/runner/.m2/repository/net/bytebuddy/byte-buddy-agent/1.17.7/byte-buddy-agent-1.17.7.jar)
WARNING: If a serviceability tool is in use, please run with -XX:+EnableDynamicAgentLoading to hide this warning
WARNING: If a serviceability tool is not in use, please run with -Djdk.instrument.traceUsage for more information
WARNING: Dynamic loading of agents will be disallowed by default in a future release
]]></system-err>
  </testcase>
</testsuite>